2022-06-02 19:13:48.158 [INFO ] [main] Logs - clicked successfully
2022-06-02 19:13:51.640 [INFO ] [main] Logs - clicked successfully
2022-06-02 19:13:58.425 [INFO ] [main] Logs - clicked successfully
2022-06-02 19:14:15.941 [INFO ] [main] Logs - successfully clicked
2022-06-02 19:14:22.297 [INFO ] [main] Logs - successfully closed
2022-06-02 19:14:26.379 [INFO ] [main] Logs - successfully clicked
2022-06-02 19:14:29.506 [INFO ] [main] Logs - entered successfully
2022-06-02 19:15:24.966 [INFO ] [main] Logs - hover successfully
2022-06-02 19:15:32.347 [INFO ] [main] Logs - clicked successfully
2022-06-02 19:15:35.571 [INFO ] [main] Logs - closed successfully
2022-06-02 19:15:38.770 [INFO ] [main] Logs - hovered successfully
2022-06-02 19:15:40.158 [INFO ] [main] Logs - addedd on cart successfully
2022-06-02 19:15:46.326 [INFO ] [main] Logs - added successfully
2022-06-02 19:15:52.154 [INFO ] [main] Logs - quantity selected successfully
2022-06-02 19:15:55.224 [INFO ] [main] Logs - text got successfully
2022-06-02 19:15:58.341 [INFO ] [main] Logs - checkout successfully
2022-06-02 19:16:58.427 [DEBUG] [main] Logs - clicked successfully
2022-06-02 19:17:01.916 [DEBUG] [main] Logs - verified text
2022-06-02 19:17:05.956 [DEBUG] [main] Logs - clicked on customer stories
2022-06-02 19:17:06.110 [DEBUG] [main] Logs - successfully got customer response
2022-06-02 19:17:16.353 [DEBUG] [main] Logs - clicked successfully
2022-06-02 19:17:23.425 [DEBUG] [main] Logs - text sended successfully
2022-06-02 19:17:31.054 [INFO ] [main] Logs - entered successfully
2022-06-02 19:17:37.326 [DEBUG] [main] Logs - popup closed successfully
2022-06-02 19:17:43.418 [INFO ] [main] Logs - verified successfully
2022-06-02 19:17:49.884 [INFO ] [main] Logs - hovered successfully
2022-06-02 19:17:56.032 [INFO ] [main] Logs - clicked successfully
2022-06-02 19:17:59.708 [INFO ] [main] Logs - sent successfully
2022-06-02 19:17:59.860 [INFO ] [main] Logs - sent successfully
2022-06-02 19:18:03.678 [INFO ] [main] Logs - clicked successfully
2022-06-02 19:18:08.746 [INFO ] [main] Logs - got successfully
2022-06-02 19:18:13.925 [INFO ] [main] Logs - clicked successfully
2022-06-02 19:18:16.993 [INFO ] [main] Logs - got successfully
2022-06-02 19:18:27.318 [INFO ] [main] Logs - hovered successfully
2022-06-02 19:18:34.834 [INFO ] [main] Logs - clicked successfully
2022-06-02 19:18:38.070 [DEBUG] [main] Logs - popup closed successfully
2022-06-02 19:18:38.071 [INFO ] [main] Logs - closed successfully
2022-06-02 19:18:41.284 [INFO ] [main] Logs - hovered successfully
2022-06-02 19:18:44.518 [INFO ] [main] Logs - clicked successfully
2022-06-02 19:18:46.602 [INFO ] [main] Logs - got successfully
2022-06-02 19:18:52.064 [INFO ] [main] Logs - clicked successfully
2022-06-02 19:18:54.119 [INFO ] [main] Logs - clicked successfully
2022-06-02 19:18:59.629 [INFO ] [main] Logs - clicked successfully
2022-06-02 19:19:03.151 [INFO ] [main] Logs - clicked successfully
2022-06-02 19:19:06.192 [INFO ] [main] Logs - title got  successfully
