2022-06-02 18:58:48.089 [INFO ] [main] Logs - clicked successfully
2022-06-02 18:58:51.297 [INFO ] [main] Logs - clicked successfully
2022-06-02 18:58:57.610 [INFO ] [main] Logs - clicked successfully
2022-06-02 18:59:13.121 [INFO ] [main] Logs - successfully clicked
2022-06-02 18:59:19.576 [INFO ] [main] Logs - successfully closed
2022-06-02 18:59:24.506 [INFO ] [main] Logs - successfully clicked
2022-06-02 18:59:27.628 [INFO ] [main] Logs - entered successfully
2022-06-02 18:59:39.772 [INFO ] [main] Logs - clicked successfully
2022-06-02 18:59:43.027 [INFO ] [main] Logs - hovered successfully
2022-06-02 18:59:46.149 [INFO ] [main] Logs - choosed successfully
2022-06-02 18:59:49.240 [INFO ] [main] Logs - got successfully
2022-06-02 18:59:55.897 [INFO ] [main] Logs - selected successfully
2022-06-02 18:59:58.993 [INFO ] [main] Logs - clicked successfully
2022-06-02 19:00:02.010 [INFO ] [main] Logs - title got successfully
2022-06-02 19:00:02.128 [INFO ] [main] Logs - entered receipnt name
2022-06-02 19:00:02.252 [INFO ] [main] Logs - entered receipnt mail
2022-06-02 19:00:02.411 [INFO ] [main] Logs - entered customer name
2022-06-02 19:00:02.572 [INFO ] [main] Logs - entered customer mail
2022-06-02 19:00:02.766 [INFO ] [main] Logs - entered phone no
2022-06-02 19:00:05.811 [INFO ] [main] Logs - clicked
2022-06-02 19:00:18.066 [INFO ] [main] Logs - clicked successfully
2022-06-02 19:00:22.381 [INFO ] [main] Logs - hovered successfully
2022-06-02 19:00:25.498 [INFO ] [main] Logs - choosed successfully
2022-06-02 19:00:28.565 [INFO ] [main] Logs - got successfully
2022-06-02 19:00:35.143 [INFO ] [main] Logs - selected successfully
2022-06-02 19:00:38.225 [INFO ] [main] Logs - clicked successfully
2022-06-02 19:00:41.236 [INFO ] [main] Logs - title got successfully
2022-06-02 19:00:41.348 [INFO ] [main] Logs - entered receipnt name
2022-06-02 19:00:41.477 [INFO ] [main] Logs - entered receipnt mail
2022-06-02 19:00:41.633 [INFO ] [main] Logs - entered customer name
2022-06-02 19:00:41.843 [INFO ] [main] Logs - entered customer mail
2022-06-02 19:00:42.054 [INFO ] [main] Logs - entered phone no
2022-06-02 19:00:45.106 [INFO ] [main] Logs - clicked
2022-06-02 19:00:54.707 [INFO ] [main] Logs - clicked successfully
2022-06-02 19:00:59.168 [DEBUG] [main] Logs - clicked  successfully
2022-06-02 19:01:02.220 [INFO ] [main] Logs - got successfully
2022-06-02 19:01:14.255 [INFO ] [main] Logs - hover successfully
2022-06-02 19:02:17.222 [DEBUG] [main] Logs - clicked successfully
2022-06-02 19:02:20.352 [DEBUG] [main] Logs - verified text
2022-06-02 19:02:24.844 [DEBUG] [main] Logs - clicked on customer stories
2022-06-02 19:02:25.021 [DEBUG] [main] Logs - successfully got customer response
2022-06-02 19:02:35.124 [DEBUG] [main] Logs - clicked successfully
2022-06-02 19:02:41.492 [DEBUG] [main] Logs - text sended successfully
2022-06-02 19:02:48.573 [INFO ] [main] Logs - entered successfully
2022-06-02 19:02:54.906 [DEBUG] [main] Logs - popup closed successfully
2022-06-02 19:03:01.015 [INFO ] [main] Logs - verified successfully
2022-06-02 19:03:17.633 [INFO ] [main] Logs - hovered successfully
2022-06-02 19:03:25.092 [INFO ] [main] Logs - clicked successfully
2022-06-02 19:03:28.460 [DEBUG] [main] Logs - popup closed successfully
2022-06-02 19:03:28.460 [INFO ] [main] Logs - closed successfully
2022-06-02 19:03:31.672 [INFO ] [main] Logs - hovered successfully
2022-06-02 19:03:34.968 [INFO ] [main] Logs - clicked successfully
2022-06-02 19:03:37.060 [INFO ] [main] Logs - got successfully
2022-06-02 19:03:43.337 [INFO ] [main] Logs - clicked successfully
2022-06-02 19:03:45.409 [INFO ] [main] Logs - clicked successfully
2022-06-02 19:03:51.966 [INFO ] [main] Logs - clicked successfully
2022-06-02 19:03:55.390 [INFO ] [main] Logs - clicked successfully
2022-06-02 19:03:58.407 [INFO ] [main] Logs - title got  successfully
