2022-06-02 18:41:14.733 [INFO ] [main] Logs - clicked successfully
2022-06-02 18:41:17.954 [INFO ] [main] Logs - clicked successfully
2022-06-02 18:41:24.949 [INFO ] [main] Logs - clicked successfully
2022-06-02 18:41:40.716 [INFO ] [main] Logs - successfully clicked
2022-06-02 18:41:47.300 [INFO ] [main] Logs - successfully closed
2022-06-02 18:41:51.290 [INFO ] [main] Logs - successfully clicked
2022-06-02 18:41:54.422 [INFO ] [main] Logs - entered successfully
2022-06-02 18:42:00.534 [INFO ] [main] Logs - successfully got
2022-06-02 18:42:00.762 [INFO ] [main] Logs - successfully hovered
2022-06-02 18:42:02.924 [INFO ] [main] Logs - successfully checked
2022-06-02 18:42:07.979 [INFO ] [main] Logs - successfully got
2022-06-02 18:42:10.611 [INFO ] [main] Logs - successfully entered
2022-06-02 18:42:15.750 [INFO ] [main] Logs - successfully clicked
2022-06-02 18:42:33.494 [INFO ] [main] Logs - clicked successfully
2022-06-02 18:42:36.703 [INFO ] [main] Logs - hovered successfully
2022-06-02 18:42:39.817 [INFO ] [main] Logs - choosed successfully
2022-06-02 18:42:42.887 [INFO ] [main] Logs - got successfully
2022-06-02 18:42:49.424 [INFO ] [main] Logs - selected successfully
2022-06-02 18:42:52.514 [INFO ] [main] Logs - clicked successfully
2022-06-02 18:42:55.535 [INFO ] [main] Logs - title got successfully
2022-06-02 18:42:55.664 [INFO ] [main] Logs - entered receipnt name
2022-06-02 18:42:55.790 [INFO ] [main] Logs - entered receipnt mail
2022-06-02 18:42:55.941 [INFO ] [main] Logs - entered customer name
2022-06-02 18:42:56.105 [INFO ] [main] Logs - entered customer mail
2022-06-02 18:42:56.256 [INFO ] [main] Logs - entered phone no
2022-06-02 18:42:59.305 [INFO ] [main] Logs - clicked
2022-06-02 18:43:10.696 [INFO ] [main] Logs - clicked successfully
2022-06-02 18:43:14.373 [INFO ] [main] Logs - hovered successfully
2022-06-02 18:43:17.493 [INFO ] [main] Logs - choosed successfully
2022-06-02 18:43:20.582 [INFO ] [main] Logs - got successfully
2022-06-02 18:43:27.119 [INFO ] [main] Logs - selected successfully
2022-06-02 18:43:30.205 [INFO ] [main] Logs - clicked successfully
2022-06-02 18:43:33.217 [INFO ] [main] Logs - title got successfully
2022-06-02 18:43:33.332 [INFO ] [main] Logs - entered receipnt name
2022-06-02 18:43:33.461 [INFO ] [main] Logs - entered receipnt mail
2022-06-02 18:43:33.618 [INFO ] [main] Logs - entered customer name
2022-06-02 18:43:33.778 [INFO ] [main] Logs - entered customer mail
2022-06-02 18:43:33.972 [INFO ] [main] Logs - entered phone no
2022-06-02 18:43:37.019 [INFO ] [main] Logs - clicked
2022-06-02 18:43:46.681 [INFO ] [main] Logs - clicked successfully
2022-06-02 18:43:50.917 [DEBUG] [main] Logs - clicked  successfully
2022-06-02 18:43:53.976 [INFO ] [main] Logs - got successfully
2022-06-02 18:44:02.084 [INFO ] [main] Logs - hover successfully
2022-06-02 18:45:13.498 [DEBUG] [main] Logs - clicked successfully
2022-06-02 18:45:16.610 [DEBUG] [main] Logs - verified text
2022-06-02 18:45:21.392 [DEBUG] [main] Logs - clicked on customer stories
2022-06-02 18:45:21.526 [DEBUG] [main] Logs - successfully got customer response
2022-06-02 18:45:35.186 [DEBUG] [main] Logs - clicked successfully
2022-06-02 18:45:42.240 [DEBUG] [main] Logs - text sended successfully
2022-06-02 18:45:49.948 [INFO ] [main] Logs - entered successfully
2022-06-02 18:45:56.217 [DEBUG] [main] Logs - popup closed successfully
2022-06-02 18:46:02.307 [INFO ] [main] Logs - verified successfully
2022-06-02 18:46:19.046 [INFO ] [main] Logs - hovered successfully
2022-06-02 18:46:27.246 [INFO ] [main] Logs - clicked successfully
2022-06-02 18:46:30.487 [DEBUG] [main] Logs - popup closed successfully
2022-06-02 18:46:30.487 [INFO ] [main] Logs - closed successfully
2022-06-02 18:46:33.723 [INFO ] [main] Logs - hovered successfully
2022-06-02 18:46:36.994 [INFO ] [main] Logs - clicked successfully
2022-06-02 18:46:39.105 [INFO ] [main] Logs - got successfully
2022-06-02 18:46:47.189 [INFO ] [main] Logs - clicked successfully
2022-06-02 18:46:49.237 [INFO ] [main] Logs - clicked successfully
2022-06-02 18:46:55.150 [INFO ] [main] Logs - clicked successfully
2022-06-02 18:46:58.544 [INFO ] [main] Logs - clicked successfully
2022-06-02 18:47:01.604 [INFO ] [main] Logs - title got  successfully
